2024-09-26 16:26:03,321 : INFO : <module> : page opened
2024-09-26 16:26:05,730 : INFO : <module> : submit button clicked
2024-09-26 16:26:05,749 : INFO : <module> : ×
Success! The Form has been submitted successfully!.
2024-09-26 16:26:11,208 : INFO : <module> : page opened
2024-09-26 16:26:13,645 : INFO : <module> : submit button clicked
2024-09-26 16:26:13,684 : INFO : <module> : ×
Success! The Form has been submitted successfully!.
2024-09-27 09:56:59,497 : INFO : <module> : page opened
2024-09-27 09:57:02,674 : INFO : <module> : submit button clicked
2024-09-27 09:57:02,733 : INFO : <module> : ×
Success! The Form has been submitted successfully!.
2024-09-27 09:57:11,858 : INFO : <module> : page opened
2024-09-27 09:57:15,056 : INFO : <module> : submit button clicked
2024-09-27 09:57:15,150 : INFO : <module> : ×
Success! The Form has been submitted successfully!.
2024-09-27 09:58:43,020 : INFO : <module> : page opened
2024-09-27 09:58:46,137 : INFO : <module> : submit button clicked
2024-09-27 09:58:46,192 : INFO : <module> : ×
Success! The Form has been submitted successfully!.
2024-09-27 09:58:55,525 : INFO : <module> : page opened
2024-09-27 09:58:58,683 : INFO : <module> : submit button clicked
2024-09-27 09:58:58,783 : INFO : <module> : ×
Success! The Form has been submitted successfully!.
2024-09-27 10:14:59,041 : INFO : <module> : page opened
2024-09-27 10:15:02,282 : INFO : <module> : submit button clicked
2024-09-27 10:15:02,341 : INFO : <module> : ×
Success! The Form has been submitted successfully!.
2024-09-27 10:15:12,199 : INFO : <module> : page opened
2024-09-27 10:15:15,453 : INFO : <module> : submit button clicked
2024-09-27 10:15:15,537 : INFO : <module> : ×
Success! The Form has been submitted successfully!.
2024-09-27 10:15:25,060 : INFO : <module> : page opened
2024-09-27 10:15:28,281 : INFO : <module> : submit button clicked
2024-09-27 10:15:28,341 : INFO : <module> : ×
Success! The Form has been submitted successfully!.
2024-09-27 10:25:30,149 : INFO : <module> : page opened
2024-09-27 10:25:33,250 : INFO : <module> : submit button clicked
2024-09-27 10:25:33,300 : INFO : <module> : ×
Success! The Form has been submitted successfully!.
2024-09-27 10:25:42,628 : INFO : <module> : page opened
2024-09-27 10:25:45,932 : INFO : <module> : submit button clicked
2024-09-27 10:25:46,007 : INFO : <module> : ×
Success! The Form has been submitted successfully!.
2024-09-27 10:25:55,877 : INFO : <module> : page opened
2024-09-27 10:25:58,948 : INFO : <module> : submit button clicked
2024-09-27 10:25:58,998 : INFO : <module> : ×
Success! The Form has been submitted successfully!.
2024-09-27 11:08:02,963 : INFO : <module> : page opened
2024-09-27 11:08:06,023 : INFO : <module> : submit button clicked
2024-09-27 11:14:33,576 : INFO : <module> : page opened
2024-09-27 11:14:36,793 : INFO : <module> : submit button clicked
2024-09-27 11:18:19,920 : INFO : <module> : page opened
2024-09-27 11:18:23,208 : INFO : <module> : submit button clicked
2024-09-27 11:19:35,062 : INFO : <module> : page opened
2024-09-27 11:19:38,117 : INFO : <module> : submit button clicked
2024-09-27 11:27:36,508 : INFO : <module> : page opened
2024-09-27 11:27:39,467 : INFO : <module> : submit button clicked
2024-09-27 11:27:44,496 : ERROR : <module> : exception occured: Message: no such element: Unable to locate element: {"method":"xpath","selector":"//div[@class='alert alert-success alert-dismissible']"}
  (Session info: chrome=129.0.6668.71); For documentation on this error, please visit: https://www.selenium.dev/documentation/webdriver/troubleshooting/errors#no-such-element-exception
Stacktrace:
	GetHandleVerifier [0x00007FF7EE18B125+29573]
	(No symbol) [0x00007FF7EE0FFF50]
	(No symbol) [0x00007FF7EDFBB6EA]
	(No symbol) [0x00007FF7EE00F815]
	(No symbol) [0x00007FF7EE00FA6C]
	(No symbol) [0x00007FF7EE05B917]
	(No symbol) [0x00007FF7EE03733F]
	(No symbol) [0x00007FF7EE0586BC]
	(No symbol) [0x00007FF7EE0370A3]
	(No symbol) [0x00007FF7EE0012DF]
	(No symbol) [0x00007FF7EE002441]
	GetHandleVerifier [0x00007FF7EE4BC76D+3377613]
	GetHandleVerifier [0x00007FF7EE507B67+3685831]
	GetHandleVerifier [0x00007FF7EE4FCF8B+3641835]
	GetHandleVerifier [0x00007FF7EE24B2A6+816390]
	(No symbol) [0x00007FF7EE10B25F]
	(No symbol) [0x00007FF7EE107084]
	(No symbol) [0x00007FF7EE107220]
	(No symbol) [0x00007FF7EE0F607F]
	BaseThreadInitThunk [0x00007FFB833D257D+29]
	RtlUserThreadStart [0x00007FFB84B4AF28+40]

2024-09-27 11:28:40,318 : INFO : <module> : page opened
2024-09-27 11:28:43,542 : INFO : <module> : submit button clicked
2024-09-27 11:28:43,613 : INFO : <module> : ×
Success! The Form has been submitted successfully!.
2024-09-27 11:30:27,508 : INFO : <module> : page opened
2024-09-27 11:30:30,576 : INFO : <module> : submit button clicked
2024-09-27 11:30:30,635 : INFO : <module> : ×
Success! The Form has been submitted successfully!.
2024-09-27 11:31:55,512 : INFO : <module> : page opened
2024-09-27 11:31:58,578 : INFO : <module> : submit button clicked
2024-09-27 11:31:58,644 : INFO : <module> : ×
Success! The Form has been submitted successfully!.
2024-09-27 11:32:30,923 : INFO : <module> : page opened
2024-09-27 11:32:33,991 : INFO : <module> : submit button clicked
2024-09-27 11:32:34,066 : INFO : <module> : ×
Success! The Form has been submitted successfully!.
2024-09-27 11:32:34,066 : ERROR : <module> : exception occured: 
2024-09-27 11:42:10,698 : INFO : <module> : page opened
2024-09-27 11:42:13,091 : INFO : <module> : submit button clicked
2024-09-27 11:42:13,110 : INFO : <module> : ×
Success! The Form has been submitted successfully!.
2024-09-27 11:42:13,110 : ERROR : <module> : exception occured: 
2024-09-27 11:54:32,133 : INFO : <module> : page opened
2024-09-27 11:54:34,553 : INFO : <module> : submit button clicked
2024-09-27 11:54:34,576 : INFO : <module> : ×
Success! The Form has been submitted successfully!.
2024-09-27 11:54:34,576 : ERROR : <module> : exception occured: 
2024-09-27 11:55:33,834 : INFO : <module> : page opened
2024-09-27 11:55:36,335 : INFO : <module> : submit button clicked
2024-09-27 11:55:36,364 : INFO : <module> : ×
Success! The Form has been submitted successfully!.
2024-09-27 11:55:36,364 : ERROR : <module> : exception occured: 
2024-09-27 12:01:34,373 : INFO : <module> : page opened
2024-09-27 12:01:36,756 : INFO : <module> : submit button clicked
2024-09-27 12:01:36,776 : INFO : <module> : ×
Success! The Form has been submitted successfully!.
2024-09-27 12:01:36,777 : ERROR : <module> : exception occured: 
2024-09-27 12:04:51,123 : INFO : <module> : page opened
2024-09-27 12:04:53,519 : INFO : <module> : submit button clicked
2024-09-27 12:04:53,539 : INFO : <module> : ×
Success! The Form has been submitted successfully!.
2024-09-27 12:05:42,762 : INFO : <module> : page opened
2024-09-27 12:05:45,160 : INFO : <module> : submit button clicked
2024-09-27 12:05:45,179 : INFO : <module> : ×
Success! The Form has been submitted successfully!.
2024-09-27 12:05:50,821 : INFO : <module> : page opened
2024-09-27 12:05:53,334 : INFO : <module> : submit button clicked
2024-09-27 12:05:53,373 : INFO : <module> : ×
Success! The Form has been submitted successfully!.
2024-09-27 12:05:58,848 : INFO : <module> : page opened
2024-09-27 12:06:01,276 : INFO : <module> : submit button clicked
2024-09-27 12:06:01,296 : INFO : <module> : ×
Success! The Form has been submitted successfully!.
2024-09-27 12:06:43,028 : INFO : <module> : page opened
2024-09-27 12:06:45,432 : INFO : <module> : submit button clicked
2024-09-27 12:06:45,458 : INFO : <module> : ×
Success! The Form has been submitted successfully!.
2024-09-27 12:06:45,458 : ERROR : <module> : exception occured: 
2024-09-27 12:06:49,067 : INFO : <module> : page opened
2024-09-27 12:06:51,545 : INFO : <module> : submit button clicked
2024-09-27 12:06:51,574 : INFO : <module> : ×
Success! The Form has been submitted successfully!.
2024-09-27 12:06:51,574 : ERROR : <module> : exception occured: 
2024-09-27 12:06:55,153 : INFO : <module> : page opened
2024-09-27 12:06:57,556 : INFO : <module> : submit button clicked
2024-09-27 12:06:57,577 : INFO : <module> : ×
Success! The Form has been submitted successfully!.
2024-09-27 12:06:57,578 : ERROR : <module> : exception occured: 
2024-09-27 12:11:02,948 : INFO : <module> : page opened
2024-09-27 12:11:05,344 : INFO : <module> : submit button clicked
2024-09-27 12:11:05,366 : INFO : <module> : ×
Success! The Form has been submitted successfully!.
2024-09-27 12:11:10,980 : INFO : <module> : page opened
2024-09-27 12:11:13,454 : INFO : <module> : submit button clicked
2024-09-27 12:11:13,490 : INFO : <module> : ×
Success! The Form has been submitted successfully!.
2024-09-27 12:11:19,428 : INFO : <module> : page opened
2024-09-27 12:11:21,871 : INFO : <module> : submit button clicked
2024-09-27 12:11:21,898 : INFO : <module> : ×
Success! The Form has been submitted successfully!.
2024-09-27 12:44:49,335 : INFO : <module> : page opened
2024-09-27 12:44:51,736 : INFO : <module> : submit button clicked
2024-09-27 12:44:51,755 : INFO : <module> : ×
Success! The Form has been submitted successfully!.
2024-09-27 12:44:57,005 : INFO : <module> : page opened
2024-09-27 12:44:59,810 : INFO : <module> : submit button clicked
2024-09-27 12:44:59,843 : INFO : <module> : ×
Success! The Form has been submitted successfully!.
2024-09-27 12:45:05,745 : INFO : <module> : page opened
2024-09-27 12:45:08,155 : INFO : <module> : submit button clicked
2024-09-27 12:45:08,175 : INFO : <module> : ×
Success! The Form has been submitted successfully!.
2024-09-27 12:45:31,784 : INFO : <module> : page opened
2024-09-27 12:45:34,191 : INFO : <module> : submit button clicked
2024-09-27 12:45:34,211 : INFO : <module> : ×
Success! The Form has been submitted successfully!.
2024-09-27 12:45:39,696 : INFO : <module> : page opened
2024-09-27 12:45:42,201 : INFO : <module> : submit button clicked
2024-09-27 12:45:42,234 : INFO : <module> : ×
Success! The Form has been submitted successfully!.
2024-09-27 12:45:47,991 : INFO : <module> : page opened
2024-09-27 12:45:50,428 : INFO : <module> : submit button clicked
2024-09-27 12:45:50,447 : INFO : <module> : ×
Success! The Form has been submitted successfully!.
2024-09-27 12:46:40,336 : INFO : <module> : page opened
2024-09-27 12:46:42,970 : INFO : <module> : submit button clicked
2024-09-27 12:46:43,022 : INFO : <module> : ×
Success! The Form has been submitted successfully!.
2024-09-27 12:46:50,724 : INFO : <module> : page opened
2024-09-27 12:46:53,331 : INFO : <module> : submit button clicked
2024-09-27 12:46:53,368 : INFO : <module> : ×
Success! The Form has been submitted successfully!.
2024-09-27 12:47:00,193 : INFO : <module> : page opened
2024-09-27 12:47:02,631 : INFO : <module> : submit button clicked
2024-09-27 12:47:02,656 : INFO : <module> : ×
Success! The Form has been submitted successfully!.
2024-09-27 13:40:45,103 : INFO : <module> : page opened
2024-09-27 13:40:47,755 : INFO : <module> : submit button clicked
2024-09-27 13:40:47,767 : INFO : <module> : ×
Success! The Form has been submitted successfully!.
2024-09-27 13:40:55,100 : INFO : <module> : page opened
2024-09-27 13:40:57,977 : INFO : <module> : submit button clicked
2024-09-27 13:40:57,992 : INFO : <module> : ×
Success! The Form has been submitted successfully!.
2024-09-27 13:41:05,457 : INFO : <module> : page opened
2024-09-27 13:41:08,403 : INFO : <module> : submit button clicked
2024-09-27 13:41:08,415 : INFO : <module> : ×
Success! The Form has been submitted successfully!.
2024-09-27 13:42:01,282 : INFO : <module> : page opened
2024-09-27 13:42:03,952 : INFO : <module> : submit button clicked
2024-09-27 13:42:03,966 : INFO : <module> : ×
Success! The Form has been submitted successfully!.
2024-09-27 13:42:03,966 : ERROR : <module> : exception occured: 
2024-09-27 13:42:10,903 : INFO : <module> : page opened
2024-09-27 13:42:13,809 : INFO : <module> : submit button clicked
2024-09-27 13:42:13,826 : INFO : <module> : ×
Success! The Form has been submitted successfully!.
2024-09-27 13:42:13,827 : ERROR : <module> : exception occured: 
2024-09-27 13:42:21,303 : INFO : <module> : page opened
2024-09-27 13:42:23,965 : INFO : <module> : submit button clicked
2024-09-27 13:42:23,978 : INFO : <module> : ×
Success! The Form has been submitted successfully!.
2024-09-27 13:42:23,978 : ERROR : <module> : exception occured: 
